<?xml version="1.0" encoding="UTF-8"?>
<testsuite xmlns:xsi="http://www.w3.org/2001/XMLSchema-instance" xsi:noNamespaceSchemaLocation="https://maven.apache.org/surefire/maven-surefire-plugin/xsd/surefire-test-report.xsd" name="org.telosys.tools.users.UsersFileDAOTest" time="0" tests="3" errors="0" skipped="0" failures="0">
  <properties>
    <property name="sun.desktop" value="windows"/>
    <property name="awt.toolkit" value="sun.awt.windows.WToolkit"/>
    <property name="file.encoding.pkg" value="sun.io"/>
    <property name="java.specification.version" value="1.8"/>
    <property name="sun.cpu.isalist" value="amd64"/>
    <property name="sun.jnu.encoding" value="Cp1252"/>
    <property name="java.class.path" value="C:\Z\WORKSPACES\workspaces-TELOSYS\wks-46-telosys-tools-bricks\telosys-tools-webapi\target\test-classes;C:\Z\WORKSPACES\workspaces-TELOSYS\wks-46-telosys-tools-bricks\telosys-tools-webapi\target\classes;C:\Users\laguerin\.m2\repository\org\telosys\telosys-tools-api\3.4.0-SNAPSHOT\telosys-tools-api-3.4.0-SNAPSHOT.jar;C:\Users\laguerin\.m2\repository\org\telosys\telosys-tools-commons\3.4.0-SNAPSHOT\telosys-tools-commons-3.4.0-SNAPSHOT.jar;C:\Users\laguerin\.m2\repository\com\googlecode\json-simple\json-simple\1.1.1\json-simple-1.1.1.jar;C:\Users\laguerin\.m2\repository\org\yaml\snakeyaml\1.30\snakeyaml-1.30.jar;C:\Users\laguerin\.m2\repository\org\telosys\telosys-tools-database\3.4.0-SNAPSHOT\telosys-tools-database-3.4.0-SNAPSHOT.jar;C:\Users\laguerin\.m2\repository\org\telosys\telosys-tools-dsl-parser\3.4.0-SNAPSHOT\telosys-tools-dsl-parser-3.4.0-SNAPSHOT.jar;C:\Users\laguerin\.m2\repository\org\telosys\telosys-tools-generic-model\3.4.0-SNAPSHOT\telosys-tools-generic-model-3.4.0-SNAPSHOT.jar;C:\Users\laguerin\.m2\repository\org\telosys\telosys-tools-generator\3.4.0-SNAPSHOT\telosys-tools-generator-3.4.0-SNAPSHOT.jar;C:\Users\laguerin\.m2\repository\org\telosys\telosys-tools-generator-engine-velocity17\3.3.0\telosys-tools-generator-engine-velocity17-3.3.0.jar;C:\Users\laguerin\.m2\repository\oro\oro\2.0.8\oro-2.0.8.jar;C:\Users\laguerin\.m2\repository\logkit\logkit\2.0\logkit-2.0.jar;C:\Users\laguerin\.m2\repository\org\apache\velocity\velocity\1.7\velocity-1.7.jar;C:\Users\laguerin\.m2\repository\commons-collections\commons-collections\3.2.1\commons-collections-3.2.1.jar;C:\Users\laguerin\.m2\repository\commons-lang\commons-lang\2.4\commons-lang-2.4.jar;C:\Users\laguerin\.m2\repository\junit\junit\4.13.1\junit-4.13.1.jar;C:\Users\laguerin\.m2\repository\org\hamcrest\hamcrest-core\1.3\hamcrest-core-1.3.jar;"/>
    <property name="java.vm.vendor" value="Oracle Corporation"/>
    <property name="sun.arch.data.model" value="64"/>
    <property name="user.variant" value=""/>
    <property name="java.vendor.url" value="http://java.oracle.com/"/>
    <property name="user.timezone" value="Europe/Paris"/>
    <property name="java.vm.specification.version" value="1.8"/>
    <property name="os.name" value="Windows 10"/>
    <property name="user.country" value="FR"/>
    <property name="sun.java.launcher" value="SUN_STANDARD"/>
    <property name="sun.boot.library.path" value="C:\Z\JAVA\java-8u66-win64\jre\bin"/>
    <property name="sun.java.command" value="C:\Users\laguerin\AppData\Local\Temp\surefire5100994150449321915\surefirebooter7284751627362166109.jar C:\Users\laguerin\AppData\Local\Temp\surefire5100994150449321915 2022-03-11T14-24-33_150-jvmRun1 surefire6518727480459241977tmp surefire_01099795677910917061tmp"/>
    <property name="surefire.test.class.path" value="C:\Z\WORKSPACES\workspaces-TELOSYS\wks-46-telosys-tools-bricks\telosys-tools-webapi\target\test-classes;C:\Z\WORKSPACES\workspaces-TELOSYS\wks-46-telosys-tools-bricks\telosys-tools-webapi\target\classes;C:\Users\laguerin\.m2\repository\org\telosys\telosys-tools-api\3.4.0-SNAPSHOT\telosys-tools-api-3.4.0-SNAPSHOT.jar;C:\Users\laguerin\.m2\repository\org\telosys\telosys-tools-commons\3.4.0-SNAPSHOT\telosys-tools-commons-3.4.0-SNAPSHOT.jar;C:\Users\laguerin\.m2\repository\com\googlecode\json-simple\json-simple\1.1.1\json-simple-1.1.1.jar;C:\Users\laguerin\.m2\repository\org\yaml\snakeyaml\1.30\snakeyaml-1.30.jar;C:\Users\laguerin\.m2\repository\org\telosys\telosys-tools-database\3.4.0-SNAPSHOT\telosys-tools-database-3.4.0-SNAPSHOT.jar;C:\Users\laguerin\.m2\repository\org\telosys\telosys-tools-dsl-parser\3.4.0-SNAPSHOT\telosys-tools-dsl-parser-3.4.0-SNAPSHOT.jar;C:\Users\laguerin\.m2\repository\org\telosys\telosys-tools-generic-model\3.4.0-SNAPSHOT\telosys-tools-generic-model-3.4.0-SNAPSHOT.jar;C:\Users\laguerin\.m2\repository\org\telosys\telosys-tools-generator\3.4.0-SNAPSHOT\telosys-tools-generator-3.4.0-SNAPSHOT.jar;C:\Users\laguerin\.m2\repository\org\telosys\telosys-tools-generator-engine-velocity17\3.3.0\telosys-tools-generator-engine-velocity17-3.3.0.jar;C:\Users\laguerin\.m2\repository\oro\oro\2.0.8\oro-2.0.8.jar;C:\Users\laguerin\.m2\repository\logkit\logkit\2.0\logkit-2.0.jar;C:\Users\laguerin\.m2\repository\org\apache\velocity\velocity\1.7\velocity-1.7.jar;C:\Users\laguerin\.m2\repository\commons-collections\commons-collections\3.2.1\commons-collections-3.2.1.jar;C:\Users\laguerin\.m2\repository\commons-lang\commons-lang\2.4\commons-lang-2.4.jar;C:\Users\laguerin\.m2\repository\junit\junit\4.13.1\junit-4.13.1.jar;C:\Users\laguerin\.m2\repository\org\hamcrest\hamcrest-core\1.3\hamcrest-core-1.3.jar;"/>
    <property name="sun.cpu.endian" value="little"/>
    <property name="user.home" value="C:\Users\laguerin"/>
    <property name="user.language" value="fr"/>
    <property name="java.specification.vendor" value="Oracle Corporation"/>
    <property name="java.home" value="C:\Z\JAVA\java-8u66-win64\jre"/>
    <property name="basedir" value="C:\Z\WORKSPACES\workspaces-TELOSYS\wks-46-telosys-tools-bricks\telosys-tools-webapi"/>
    <property name="file.separator" value="\"/>
    <property name="line.separator" value="&#10;"/>
    <property name="java.vm.specification.vendor" value="Oracle Corporation"/>
    <property name="java.specification.name" value="Java Platform API Specification"/>
    <property name="java.awt.graphicsenv" value="sun.awt.Win32GraphicsEnvironment"/>
    <property name="surefire.real.class.path" value="C:\Users\laguerin\AppData\Local\Temp\surefire5100994150449321915\surefirebooter7284751627362166109.jar"/>
    <property name="sun.boot.class.path" value="C:\Z\JAVA\java-8u66-win64\jre\lib\resources.jar;C:\Z\JAVA\java-8u66-win64\jre\lib\rt.jar;C:\Z\JAVA\java-8u66-win64\jre\lib\sunrsasign.jar;C:\Z\JAVA\java-8u66-win64\jre\lib\jsse.jar;C:\Z\JAVA\java-8u66-win64\jre\lib\jce.jar;C:\Z\JAVA\java-8u66-win64\jre\lib\charsets.jar;C:\Z\JAVA\java-8u66-win64\jre\lib\jfr.jar;C:\Z\JAVA\java-8u66-win64\jre\classes"/>
    <property name="user.script" value=""/>
    <property name="sun.management.compiler" value="HotSpot 64-Bit Tiered Compilers"/>
    <property name="java.runtime.version" value="1.8.0_66-b18"/>
    <property name="user.name" value="laguerin"/>
    <property name="path.separator" value=";"/>
    <property name="os.version" value="10.0"/>
    <property name="java.endorsed.dirs" value="C:\Z\JAVA\java-8u66-win64\jre\lib\endorsed"/>
    <property name="java.runtime.name" value="Java(TM) SE Runtime Environment"/>
    <property name="file.encoding" value="Cp1252"/>
    <property name="java.vm.name" value="Java HotSpot(TM) 64-Bit Server VM"/>
    <property name="localRepository" value="C:\Users\laguerin\.m2\repository"/>
    <property name="java.vendor.url.bug" value="http://bugreport.sun.com/bugreport/"/>
    <property name="java.io.tmpdir" value="C:\Users\laguerin\AppData\Local\Temp\"/>
    <property name="java.version" value="1.8.0_66"/>
    <property name="user.dir" value="C:\Z\WORKSPACES\workspaces-TELOSYS\wks-46-telosys-tools-bricks\telosys-tools-webapi"/>
    <property name="os.arch" value="amd64"/>
    <property name="java.vm.specification.name" value="Java Virtual Machine Specification"/>
    <property name="java.awt.printerjob" value="sun.awt.windows.WPrinterJob"/>
    <property name="sun.os.patch.level" value=""/>
    <property name="java.library.path" value="C:\Z\JAVA\java-8u66-win64\jre\bin;C:\WINDOWS\Sun\Java\bin;C:\WINDOWS\system32;C:\WINDOWS;C:\Python39\Scripts\;C:\Python39\;C:\WINDOWS\system32;C:\WINDOWS;C:\WINDOWS\System32\Wbem;C:\WINDOWS\System32\WindowsPowerShell\v1.0\;C:\WINDOWS\System32\OpenSSH\;C:\Program Files\OpenJDK12\Bin;C:\Z\GOLANG\go-1-17-1\bin;C:\Z\GIT\git-2-28;C:\Z\GIT\git-2-28\bin;C:\Z\TOOLS\STATIC-SITE-GEN\Hugo;C:\Z\TOOLS\TELOSYS\v330-003;C:\Z\TOOLS\NODE\Node-14-15-1\;C:\ProgramData\chocolatey\bin;C:\Z\TOOLS\SSH\bitvise;C:\Z\TOOLS\INFRA-AS-CODE\Terraform;C:\Z\TOOLS\bin;C:\Program Files\Intel\WiFi\bin\;C:\Program Files\Common Files\Intel\WirelessCommon\;C:\Z\TOOLS\OPEN-API\openapi-codegen;C:\Z\TOOLS\DATABASES\Liquibase\liquibase-4.4.2;;C:\Program Files\Docker\Docker\resources\bin;C:\ProgramData\DockerDesktop\version-bin;C:\Users\laguerin\AppData\Local\Microsoft\WindowsApps;C:\Users\laguerin\AppData\Roaming\npm;;."/>
    <property name="java.vm.info" value="mixed mode"/>
    <property name="java.vendor" value="Oracle Corporation"/>
    <property name="java.vm.version" value="25.66-b18"/>
    <property name="java.ext.dirs" value="C:\Z\JAVA\java-8u66-win64\jre\lib\ext;C:\WINDOWS\Sun\Java\lib\ext"/>
    <property name="sun.io.unicode.encoding" value="UnicodeLittle"/>
    <property name="java.class.version" value="52.0"/>
  </properties>
  <testcase name="saveAllUsers" classname="org.telosys.tools.users.UsersFileDAOTest" time="0"/>
  <testcase name="testLoadUsersNoFile" classname="org.telosys.tools.users.UsersFileDAOTest" time="0"/>
  <testcase name="testLoadUsers" classname="org.telosys.tools.users.UsersFileDAOTest" time="0"/>
</testsuite>